# JRE version: OpenJDK Runtime Environment (11.0.8) (build 11.0.8+0-b944-P17168821)
# Java VM: OpenJDK 64-Bit Server VM (11.0.8+0-b944-6842174, mixed mode, tiered, compressed oops, g1 gc, linux-amd64)
Heap:
 garbage-first heap   total 845824K, used 93164K [0x0000000080000000, 0x0000000100000000)
  region size 1024K, 1 young (1024K), 1 survivors (1024K)
 Metaspace       used 66254K, capacity 67935K, committed 68096K, reserved 1110016K
  class space    used 7942K, capacity 8444K, committed 8448K, reserved 1048576K
GC Heap History (20 events):
Event: 143,862 GC heap after
{Heap after GC invocations=82 (full 0):
 garbage-first heap   total 266240K, used 96566K [0x0000000080000000, 0x0000000100000000)
  region size 1024K, 14 young (14336K), 14 survivors (14336K)
 Metaspace       used 61133K, capacity 62632K, committed 62976K, reserved 1103872K
  class space    used 7352K, capacity 7809K, committed 7936K, reserved 1048576K
}
Event: 144,350 GC heap before
{Heap before GC invocations=82 (full 0):
 garbage-first heap   total 266240K, used 213302K [0x0000000080000000, 0x0000000100000000)
  region size 1024K, 129 young (132096K), 14 survivors (14336K)
 Metaspace       used 61137K, capacity 62634K, committed 62976K, reserved 1103872K
  class space    used 7352K, capacity 7809K, committed 7936K, reserved 1048576K
}
Event: 144,376 GC heap after
{Heap after GC invocations=83 (full 0):
 garbage-first heap   total 266240K, used 94895K [0x0000000080000000, 0x0000000100000000)
  region size 1024K, 11 young (11264K), 11 survivors (11264K)
 Metaspace       used 61137K, capacity 62634K, committed 62976K, reserved 1103872K
  class space    used 7352K, capacity 7809K, committed 7936K, reserved 1048576K
}
Event: 144,851 GC heap before
{Heap before GC invocations=83 (full 0):
 garbage-first heap   total 266240K, used 212655K [0x0000000080000000, 0x0000000100000000)
  region size 1024K, 128 young (131072K), 11 survivors (11264K)
 Metaspace       used 61147K, capacity 62634K, committed 62976K, reserved 1103872K
  class space    used 7352K, capacity 7809K, committed 7936K, reserved 1048576K
}
Event: 144,864 GC heap after
{Heap after GC invocations=84 (full 0):
 garbage-first heap   total 266240K, used 94563K [0x0000000080000000, 0x0000000100000000)
  region size 1024K, 10 young (10240K), 10 survivors (10240K)
 Metaspace       used 61147K, capacity 62634K, committed 62976K, reserved 1103872K
  class space    used 7352K, capacity 7809K, committed 7936K, reserved 1048576K
}
Event: 145,223 GC heap before
{Heap before GC invocations=84 (full 0):
 garbage-first heap   total 266240K, used 213347K [0x0000000080000000, 0x0000000100000000)
  region size 1024K, 128 young (131072K), 10 survivors (10240K)
 Metaspace       used 61151K, capacity 62635K, committed 62976K, reserved 1103872K
  class space    used 7352K, capacity 7809K, committed 7936K, reserved 1048576K
}
Event: 145,247 GC heap after
{Heap after GC invocations=85 (full 0):
 garbage-first heap   total 532480K, used 94309K [0x0000000080000000, 0x0000000100000000)
  region size 1024K, 9 young (9216K), 9 survivors (9216K)
 Metaspace       used 61151K, capacity 62635K, committed 62976K, reserved 1103872K
  class space    used 7352K, capacity 7809K, committed 7936K, reserved 1048576K
}
Event: 153,879 GC heap before
{Heap before GC invocations=85 (full 0):
 garbage-first heap   total 532480K, used 407653K [0x0000000080000000, 0x0000000100000000)
  region size 1024K, 312 young (319488K), 9 survivors (9216K)
 Metaspace       used 61153K, capacity 62635K, committed 62976K, reserved 1103872K
  class space    used 7352K, capacity 7809K, committed 7936K, reserved 1048576K
}
Event: 154,664 GC heap after
{Heap after GC invocations=86 (full 0):
 garbage-first heap   total 532480K, used 103948K [0x0000000080000000, 0x0000000100000000)
  region size 1024K, 16 young (16384K), 16 survivors (16384K)
 Metaspace       used 61153K, capacity 62635K, committed 62976K, reserved 1103872K
  class space    used 7352K, capacity 7809K, committed 7936K, reserved 1048576K
}
Event: 160,351 GC heap before
{Heap before GC invocations=86 (full 0):
 garbage-first heap   total 532480K, used 406028K [0x0000000080000000, 0x0000000100000000)
  region size 1024K, 312 young (319488K), 16 survivors (16384K)
 Metaspace       used 61160K, capacity 62635K, committed 62976K, reserved 1103872K
  class space    used 7352K, capacity 7809K, committed 7936K, reserved 1048576K
}
Event: 160,366 GC heap after
{Heap after GC invocations=87 (full 0):
 garbage-first heap   total 532480K, used 108645K [0x0000000080000000, 0x0000000100000000)
  region size 1024K, 24 young (24576K), 24 survivors (24576K)
 Metaspace       used 61160K, capacity 62635K, committed 62976K, reserved 1103872K
  class space    used 7352K, capacity 7809K, committed 7936K, reserved 1048576K
}
Event: 211,393 GC heap before
{Heap before GC invocations=87 (full 0):
 garbage-first heap   total 532480K, used 402533K [0x0000000080000000, 0x0000000100000000)
  region size 1024K, 312 young (319488K), 24 survivors (24576K)
 Metaspace       used 61168K, capacity 62635K, committed 62976K, reserved 1103872K
  class space    used 7352K, capacity 7809K, committed 7936K, reserved 1048576K
}
Event: 211,428 GC heap after
{Heap after GC invocations=88 (full 0):
 garbage-first heap   total 532480K, used 96442K [0x0000000080000000, 0x0000000100000000)
  region size 1024K, 13 young (13312K), 13 survivors (13312K)
 Metaspace       used 61168K, capacity 62635K, committed 62976K, reserved 1103872K
  class space    used 7352K, capacity 7809K, committed 7936K, reserved 1048576K
}
Event: 253,031 GC heap before
{Heap before GC invocations=88 (full 0):
 garbage-first heap   total 532480K, used 402618K [0x0000000080000000, 0x0000000100000000)
  region size 1024K, 312 young (319488K), 13 survivors (13312K)
 Metaspace       used 61234K, capacity 62706K, committed 62976K, reserved 1103872K
  class space    used 7352K, capacity 7809K, committed 7936K, reserved 1048576K
}
Event: 253,455 GC heap after
{Heap after GC invocations=89 (full 0):
 garbage-first heap   total 532480K, used 90082K [0x0000000080000000, 0x0000000100000000)
  region size 1024K, 7 young (7168K), 7 survivors (7168K)
 Metaspace       used 61234K, capacity 62706K, committed 62976K, reserved 1103872K
  class space    used 7352K, capacity 7809K, committed 7936K, reserved 1048576K
}
Event: 320,183 GC heap before
{Heap before GC invocations=89 (full 0):
 garbage-first heap   total 532480K, used 404450K [0x0000000080000000, 0x0000000100000000)
  region size 1024K, 312 young (319488K), 7 survivors (7168K)
 Metaspace       used 61264K, capacity 62708K, committed 62976K, reserved 1103872K
  class space    used 7352K, capacity 7809K, committed 7936K, reserved 1048576K
}
Event: 321,870 GC heap after
{Heap after GC invocations=90 (full 0):
 garbage-first heap   total 532480K, used 89251K [0x0000000080000000, 0x0000000100000000)
  region size 1024K, 5 young (5120K), 5 survivors (5120K)
 Metaspace       used 61264K, capacity 62708K, committed 62976K, reserved 1103872K
  class space    used 7352K, capacity 7809K, committed 7936K, reserved 1048576K
}
Event: 350,117 GC heap before
{Heap before GC invocations=90 (full 0):
 garbage-first heap   total 532480K, used 112803K [0x0000000080000000, 0x0000000100000000)
  region size 1024K, 26 young (26624K), 5 survivors (5120K)
 Metaspace       used 62815K, capacity 64409K, committed 64640K, reserved 1105920K
  class space    used 7548K, capacity 8013K, committed 8064K, reserved 1048576K
}
Event: 351,246 GC heap after
{Heap after GC invocations=91 (full 0):
 garbage-first heap   total 532480K, used 92558K [0x0000000080000000, 0x0000000100000000)
  region size 1024K, 3 young (3072K), 3 survivors (3072K)
 Metaspace       used 62815K, capacity 64409K, committed 64640K, reserved 1105920K
  class space    used 7548K, capacity 8013K, committed 8064K, reserved 1048576K
}
Event: 418,560 GC heap before
{Heap before GC invocations=91 (full 0):
 garbage-first heap   total 532480K, used 116110K [0x0000000080000000, 0x0000000100000000)
  region size 1024K, 26 young (26624K), 3 survivors (3072K)
 Metaspace       used 66254K, capacity 67935K, committed 68096K, reserved 1110016K
  class space    used 7942K, capacity 8444K, committed 8448K, reserved 1048576K
}

